<?xml version="1.0" encoding="UTF-8"?>
<!-- Generated by org.testng.reporters.JUnitReportReporter -->
<testsuite hostname="Zainaya" failures="0" tests="3" name="testCases.TC03_AddToCart" time="19.823" errors="0" timestamp="2025-05-16T17:47:49 PDT" skipped="0">
  <testcase classname="testCases.TC03_AddToCart" name="testAddToCart" time="5.168"/>
  <testcase classname="testCases.TC03_AddToCart" name="testAddToCart" time="7.912"/>
  <testcase classname="testCases.TC03_AddToCart" name="testAddToCart" time="6.743"/>
</testsuite> <!-- testCases.TC03_AddToCart -->
