<?xml version="1.0" encoding="UTF-8"?>
<!-- Generated by org.testng.reporters.JUnitReportReporter -->
<testsuite hostname="Zainaya" failures="0" tests="15" name="testCases.TC02_Login" time="43.206" errors="0" timestamp="2025-05-16T17:47:49 PDT" skipped="0">
  <testcase classname="testCases.TC02_Login" name="testLogin" time="6.303"/>
  <testcase classname="testCases.TC02_Login" name="testLogin" time="1.846"/>
  <testcase classname="testCases.TC02_Login" name="testLogin" time="4.383"/>
  <testcase classname="testCases.TC02_Login" name="testLogin" time="4.266"/>
  <testcase classname="testCases.TC02_Login" name="testLogin" time="2.730"/>
  <testcase classname="testCases.TC02_Login" name="testLogin" time="2.602"/>
  <testcase classname="testCases.TC02_Login" name="testLogin" time="2.441"/>
  <testcase classname="testCases.TC02_Login" name="testLogin" time="3.086"/>
  <testcase classname="testCases.TC02_Login" name="testLogin" time="1.681"/>
  <testcase classname="testCases.TC02_Login" name="testLogin" time="1.763"/>
  <testcase classname="testCases.TC02_Login" name="testLogin" time="2.392"/>
  <testcase classname="testCases.TC02_Login" name="testLogin" time="1.998"/>
  <testcase classname="testCases.TC02_Login" name="testLogin" time="2.874"/>
  <testcase classname="testCases.TC02_Login" name="testLogin" time="2.908"/>
  <testcase classname="testCases.TC02_Login" name="testLogin" time="1.933"/>
</testsuite> <!-- testCases.TC02_Login -->
