<?xml version="1.0" encoding="UTF-8"?>
<!-- Generated by org.testng.reporters.JUnitReportReporter -->
<testsuite hostname="Zainaya" failures="0" tests="3" name="testCases.TC06_AddAffiliate" time="19.752" errors="0" timestamp="2025-05-16T17:47:49 PDT" skipped="0">
  <testcase classname="testCases.TC06_AddAffiliate" name="testAddAffiliate" time="8.834"/>
  <testcase classname="testCases.TC06_AddAffiliate" name="testAddAffiliate" time="4.990"/>
  <testcase classname="testCases.TC06_AddAffiliate" name="testAddAffiliate" time="5.928"/>
</testsuite> <!-- testCases.TC06_AddAffiliate -->
