<?xml version="1.0" encoding="UTF-8"?>
<!-- Generated by org.testng.reporters.JUnitReportReporter -->
<testsuite hostname="Zainaya" failures="0" tests="3" name="testCases.TC01_LaunchApplication" time="0.755" errors="0" timestamp="2025-05-16T17:47:49 PDT" skipped="0">
  <testcase classname="testCases.TC01_LaunchApplication" name="testLaunchApplication" time="0.510"/>
  <testcase classname="testCases.TC01_LaunchApplication" name="testLaunchApplication" time="0.170"/>
  <testcase classname="testCases.TC01_LaunchApplication" name="testLaunchApplication" time="0.075"/>
</testsuite> <!-- testCases.TC01_LaunchApplication -->
