<?xml version="1.0" encoding="UTF-8"?>
<!-- Generated by org.testng.reporters.JUnitReportReporter -->
<testsuite hostname="Zainaya" failures="0" tests="3" name="testCases.TC04_CompletePurchase" time="37.362" errors="0" timestamp="2025-05-16T17:47:49 PDT" skipped="0">
  <testcase classname="testCases.TC04_CompletePurchase" name="testCompletePurchase" time="11.374"/>
  <testcase classname="testCases.TC04_CompletePurchase" name="testCompletePurchase" time="15.425"/>
  <testcase classname="testCases.TC04_CompletePurchase" name="testCompletePurchase" time="10.563"/>
</testsuite> <!-- testCases.TC04_CompletePurchase -->
