<?xml version="1.0" encoding="UTF-8"?>
<!-- Generated by org.testng.reporters.JUnitReportReporter -->
<testsuite hostname="Zainaya" failures="0" tests="3" name="testCases.TC03_AddToCart" time="26.519" errors="0" timestamp="2025-05-19T18:29:27 PDT" skipped="0">
  <testcase classname="testCases.TC03_AddToCart" name="testAddToCart" time="8.516"/>
  <testcase classname="testCases.TC03_AddToCart" name="testAddToCart" time="6.491"/>
  <testcase classname="testCases.TC03_AddToCart" name="testAddToCart" time="11.512"/>
</testsuite> <!-- testCases.TC03_AddToCart -->
