<?xml version="1.0" encoding="UTF-8"?>
<!-- Generated by org.testng.reporters.JUnitReportReporter -->
<testsuite hostname="Zainaya" failures="0" tests="15" name="testCases.TC02_Login" time="40.495" errors="0" timestamp="2025-05-19T18:29:27 PDT" skipped="0">
  <testcase classname="testCases.TC02_Login" name="testLogin" time="2.997"/>
  <testcase classname="testCases.TC02_Login" name="testLogin" time="3.515"/>
  <testcase classname="testCases.TC02_Login" name="testLogin" time="3.617"/>
  <testcase classname="testCases.TC02_Login" name="testLogin" time="2.551"/>
  <testcase classname="testCases.TC02_Login" name="testLogin" time="3.630"/>
  <testcase classname="testCases.TC02_Login" name="testLogin" time="2.231"/>
  <testcase classname="testCases.TC02_Login" name="testLogin" time="1.754"/>
  <testcase classname="testCases.TC02_Login" name="testLogin" time="2.723"/>
  <testcase classname="testCases.TC02_Login" name="testLogin" time="1.845"/>
  <testcase classname="testCases.TC02_Login" name="testLogin" time="2.045"/>
  <testcase classname="testCases.TC02_Login" name="testLogin" time="1.705"/>
  <testcase classname="testCases.TC02_Login" name="testLogin" time="2.118"/>
  <testcase classname="testCases.TC02_Login" name="testLogin" time="5.141"/>
  <testcase classname="testCases.TC02_Login" name="testLogin" time="2.881"/>
  <testcase classname="testCases.TC02_Login" name="testLogin" time="1.742"/>
</testsuite> <!-- testCases.TC02_Login -->
