<?xml version="1.0" encoding="UTF-8"?>
<!-- Generated by org.testng.reporters.JUnitReportReporter -->
<testsuite hostname="Zainaya" failures="0" tests="3" name="testCases.TC01_LaunchApplication" time="1.005" errors="0" timestamp="2025-05-19T18:29:27 PDT" skipped="0">
  <testcase classname="testCases.TC01_LaunchApplication" name="testLaunchApplication" time="0.875"/>
  <testcase classname="testCases.TC01_LaunchApplication" name="testLaunchApplication" time="0.072"/>
  <testcase classname="testCases.TC01_LaunchApplication" name="testLaunchApplication" time="0.058"/>
</testsuite> <!-- testCases.TC01_LaunchApplication -->
